info: Opening Google webpage
info: Opening ORS2 Customer Journey
info: Candidate Registered Successfully
info:  B2C Registration started.
info:  Candidate add window launched
info:  DOB Entered.
info:  Candidate Details
info:  Address details Entered.
info:  Qualification info
info: Location selected
info:  Subject selected
info:  Document details
info: Payment Mode selected
info:  B2C Registration started.
info:  Candidate add window launched
info:  DOB Entered.
info:  Candidate Details
info:  Address details Entered.
info:  Qualification info
info: Location selected
info:  Subject selected
info:  Document details
info: Payment Mode selected
info:  B2C Registration started.
info:  Candidate add window launched
info:  DOB Entered.
info:  Candidate Details
info:  Address details Entered.
info:  Qualification info
info: Location selected
info:  Subject selected
info:  Document details
info: Payment Mode selected
info:  B2C Registration started.
info:  Candidate add window launched
info:  DOB Entered.
info:  Candidate Details
info:  Address details Entered.
info:  Qualification info
info: Location selected
info:  Subject selected
info:  Document details
info: Payment Mode selected
info:  B2C Registration started.
info:  Candidate add window launched
info:  DOB Entered.
info:  Candidate Details
info:  Address details Entered.
info:  Qualification info
info: Location selected
info:  Subject selected
info:  Document details
info: Payment Mode selected
info:  B2C Registration started.
info:  Candidate add window launched
info:  DOB Entered.
info:  Candidate Details
info:  Address details Entered.
info:  Qualification info
info: Location selected
info:  Subject selected
info:  Document details
info: Payment Mode selected
info:  B2C Registration started.
info:  Candidate add window launched
info:  DOB Entered.
info:  Candidate Details
info:  Address details Entered.
info:  Qualification info
info: Location selected
info:  Subject selected
info:  Document details
info: Payment Mode selected
info:  B2C Registration started.
info:  Candidate add window launched
info:  DOB Entered.
info:  Candidate Details
info:  Address details Entered.
info:  Qualification info
info: Location selected
info:  Subject selected
info:  Document details
info: Payment Mode selected
info:  B2C Registration started.
info:  Candidate add window launched
info:  DOB Entered.
info:  Candidate Details
info:  Address details Entered.
info:  Qualification info
info: Location selected
info:  Subject selected
info:  Document details
info: Payment Mode selected
info:  B2C Registration started.
info:  Candidate add window launched
info:  DOB Entered.
info:  Candidate Details
info:  Address details Entered.
info:  Qualification info
info: Location selected
info:  Subject selected
info:  Document details
info: Payment Mode selected
info:  B2C Registration started.
info:  Candidate add window launched
info:  DOB Entered.
info:  Candidate Details
info:  Address details Entered.
info:  Qualification info
info: Location selected
info:  Subject selected
info:  Document details
info: Payment Mode selected
info:  Candidate Details
info: Payment Mode selected
info: Payment Mode selected
info: Payment Mode selected
info: Payment Mode selected
info: Payment Mode selected
info: Payment Mode selected
info: Payment Mode selected
info: Payment Mode selected
info: Payment Mode selected
